# JRE version: OpenJDK Runtime Environment (11.0.13) (build 11.0.13+0-b1751.21-8125866)
# Java VM: OpenJDK 64-Bit Server VM (11.0.13+0-b1751.21-8125866, mixed mode, tiered, compressed oops, g1 gc, windows-amd64)
Heap:
 garbage-first heap   total 315392K, used 241688K [0x0000000080000000, 0x0000000100000000)
  region size 1024K, 36 young (36864K), 3 survivors (3072K)
 Metaspace       used 129869K, capacity 133631K, committed 134528K, reserved 1165312K
  class space    used 16537K, capacity 17949K, committed 18304K, reserved 1048576K
GC Heap History (20 events):
Event: 62.683 GC heap before
{Heap before GC invocations=48 (full 0):
 garbage-first heap   total 262144K, used 217858K [0x0000000080000000, 0x0000000100000000)
  region size 1024K, 45 young (46080K), 2 survivors (2048K)
 Metaspace       used 122464K, capacity 126029K, committed 126208K, reserved 1159168K
  class space    used 15563K, capacity 16848K, committed 16896K, reserved 1048576K
}
Event: 62.708 GC heap after
{Heap after GC invocations=49 (full 0):
 garbage-first heap   total 262144K, used 181248K [0x0000000080000000, 0x0000000100000000)
  region size 1024K, 6 young (6144K), 6 survivors (6144K)
 Metaspace       used 122464K, capacity 126029K, committed 126208K, reserved 1159168K
  class space    used 15563K, capacity 16848K, committed 16896K, reserved 1048576K
}
Event: 63.477 GC heap before
{Heap before GC invocations=50 (full 0):
 garbage-first heap   total 262144K, used 219136K [0x0000000080000000, 0x0000000100000000)
  region size 1024K, 44 young (45056K), 6 survivors (6144K)
 Metaspace       used 124408K, capacity 128019K, committed 128384K, reserved 1161216K
  class space    used 15824K, capacity 17162K, committed 17280K, reserved 1048576K
}
Event: 63.495 GC heap after
{Heap after GC invocations=51 (full 0):
 garbage-first heap   total 262144K, used 187392K [0x0000000080000000, 0x0000000100000000)
  region size 1024K, 6 young (6144K), 6 survivors (6144K)
 Metaspace       used 124408K, capacity 128019K, committed 128384K, reserved 1161216K
  class space    used 15824K, capacity 17162K, committed 17280K, reserved 1048576K
}
Event: 63.834 GC heap before
{Heap before GC invocations=51 (full 0):
 garbage-first heap   total 262144K, used 220160K [0x0000000080000000, 0x0000000100000000)
  region size 1024K, 39 young (39936K), 6 survivors (6144K)
 Metaspace       used 125490K, capacity 129460K, committed 129664K, reserved 1161216K
  class space    used 16117K, capacity 17669K, committed 17792K, reserved 1048576K
}
Event: 63.867 GC heap after
{Heap after GC invocations=52 (full 0):
 garbage-first heap   total 262144K, used 193536K [0x0000000080000000, 0x0000000100000000)
  region size 1024K, 5 young (5120K), 5 survivors (5120K)
 Metaspace       used 125490K, capacity 129460K, committed 129664K, reserved 1161216K
  class space    used 16117K, capacity 17669K, committed 17792K, reserved 1048576K
}
Event: 64.259 GC heap before
{Heap before GC invocations=53 (full 0):
 garbage-first heap   total 262144K, used 222208K [0x0000000080000000, 0x0000000100000000)
  region size 1024K, 33 young (33792K), 5 survivors (5120K)
 Metaspace       used 125400K, capacity 129150K, committed 129920K, reserved 1161216K
  class space    used 16044K, capacity 17503K, committed 17792K, reserved 1048576K
}
Event: 64.271 GC heap after
{Heap after GC invocations=54 (full 0):
 garbage-first heap   total 262144K, used 198961K [0x0000000080000000, 0x0000000100000000)
  region size 1024K, 5 young (5120K), 5 survivors (5120K)
 Metaspace       used 125400K, capacity 129150K, committed 129920K, reserved 1161216K
  class space    used 16044K, capacity 17503K, committed 17792K, reserved 1048576K
}
Event: 64.322 GC heap before
{Heap before GC invocations=54 (full 0):
 garbage-first heap   total 262144K, used 206129K [0x0000000080000000, 0x0000000100000000)
  region size 1024K, 12 young (12288K), 5 survivors (5120K)
 Metaspace       used 125440K, capacity 129184K, committed 129920K, reserved 1161216K
  class space    used 16051K, capacity 17535K, committed 17792K, reserved 1048576K
}
Event: 64.331 GC heap after
{Heap after GC invocations=55 (full 0):
 garbage-first heap   total 262144K, used 200309K [0x0000000080000000, 0x0000000100000000)
  region size 1024K, 2 young (2048K), 2 survivors (2048K)
 Metaspace       used 125440K, capacity 129184K, committed 129920K, reserved 1161216K
  class space    used 16051K, capacity 17535K, committed 17792K, reserved 1048576K
}
Event: 64.523 GC heap before
{Heap before GC invocations=55 (full 0):
 garbage-first heap   total 262144K, used 223861K [0x0000000080000000, 0x0000000100000000)
  region size 1024K, 25 young (25600K), 2 survivors (2048K)
 Metaspace       used 126043K, capacity 129854K, committed 130560K, reserved 1161216K
  class space    used 16171K, capacity 17663K, committed 17920K, reserved 1048576K
}
Event: 64.534 GC heap after
{Heap after GC invocations=56 (full 0):
 garbage-first heap   total 262144K, used 203730K [0x0000000080000000, 0x0000000100000000)
  region size 1024K, 4 young (4096K), 4 survivors (4096K)
 Metaspace       used 126043K, capacity 129854K, committed 130560K, reserved 1161216K
  class space    used 16171K, capacity 17663K, committed 17920K, reserved 1048576K
}
Event: 65.031 GC heap before
{Heap before GC invocations=57 (full 0):
 garbage-first heap   total 262144K, used 225234K [0x0000000080000000, 0x0000000100000000)
  region size 1024K, 25 young (25600K), 4 survivors (4096K)
 Metaspace       used 125682K, capacity 129124K, committed 130816K, reserved 1163264K
  class space    used 15992K, capacity 17284K, committed 17920K, reserved 1048576K
}
Event: 65.045 GC heap after
{Heap after GC invocations=58 (full 0):
 garbage-first heap   total 262144K, used 207581K [0x0000000080000000, 0x0000000100000000)
  region size 1024K, 4 young (4096K), 4 survivors (4096K)
 Metaspace       used 125682K, capacity 129124K, committed 130816K, reserved 1163264K
  class space    used 15992K, capacity 17284K, committed 17920K, reserved 1048576K
}
Event: 65.140 GC heap before
{Heap before GC invocations=58 (full 0):
 garbage-first heap   total 262144K, used 215773K [0x0000000080000000, 0x0000000100000000)
  region size 1024K, 12 young (12288K), 4 survivors (4096K)
 Metaspace       used 126005K, capacity 129472K, committed 131072K, reserved 1163264K
  class space    used 16035K, capacity 17336K, committed 17920K, reserved 1048576K
}
Event: 65.156 GC heap after
{Heap after GC invocations=59 (full 0):
 garbage-first heap   total 315392K, used 207697K [0x0000000080000000, 0x0000000100000000)
  region size 1024K, 2 young (2048K), 2 survivors (2048K)
 Metaspace       used 126005K, capacity 129472K, committed 131072K, reserved 1163264K
  class space    used 16035K, capacity 17336K, committed 17920K, reserved 1048576K
}
Event: 66.437 GC heap before
{Heap before GC invocations=59 (full 0):
 garbage-first heap   total 315392K, used 244561K [0x0000000080000000, 0x0000000100000000)
  region size 1024K, 39 young (39936K), 2 survivors (2048K)
 Metaspace       used 128363K, capacity 132084K, committed 133248K, reserved 1165312K
  class space    used 16410K, capacity 17804K, committed 18304K, reserved 1048576K
}
Event: 66.446 GC heap after
{Heap after GC invocations=60 (full 0):
 garbage-first heap   total 315392K, used 209645K [0x0000000080000000, 0x0000000100000000)
  region size 1024K, 4 young (4096K), 4 survivors (4096K)
 Metaspace       used 128363K, capacity 132084K, committed 133248K, reserved 1165312K
  class space    used 16410K, capacity 17804K, committed 18304K, reserved 1048576K
}
Event: 67.520 GC heap before
{Heap before GC invocations=60 (full 0):
 garbage-first heap   total 315392K, used 248557K [0x0000000080000000, 0x0000000100000000)
  region size 1024K, 43 young (44032K), 4 survivors (4096K)
 Metaspace       used 129303K, capacity 133083K, committed 134016K, reserved 1165312K
  class space    used 16461K, capacity 17871K, committed 18304K, reserved 1048576K
}
Event: 67.528 GC heap after
{Heap after GC invocations=61 (full 0):
 garbage-first heap   total 315392K, used 209944K [0x0000000080000000, 0x0000000100000000)
  region size 1024K, 3 young (3072K), 3 survivors (3072K)
 Metaspace       used 129303K, capacity 133083K, committed 134016K, reserved 1165312K
  class space    used 16461K, capacity 17871K, committed 18304K, reserved 1048576K
}

