# JRE version: OpenJDK Runtime Environment (11.0.13) (build 11.0.13+0-b1751.21-8125866)
# Java VM: OpenJDK 64-Bit Server VM (11.0.13+0-b1751.21-8125866, mixed mode, tiered, compressed oops, g1 gc, windows-amd64)
Heap:
 garbage-first heap   total 262144K, used 186400K [0x0000000080000000, 0x0000000100000000)
  region size 1024K, 99 young (101376K), 15 survivors (15360K)
 Metaspace       used 76604K, capacity 78711K, committed 78848K, reserved 1118208K
  class space    used 9949K, capacity 10707K, committed 10752K, reserved 1048576K
GC Heap History (16 events):
Event: 0.856 GC heap before
{Heap before GC invocations=0 (full 0):
 garbage-first heap   total 262144K, used 29696K [0x0000000080000000, 0x0000000100000000)
  region size 1024K, 24 young (24576K), 0 survivors (0K)
 Metaspace       used 9746K, capacity 9952K, committed 10112K, reserved 1058816K
  class space    used 1002K, capacity 1069K, committed 1152K, reserved 1048576K
}
Event: 0.861 GC heap after
{Heap after GC invocations=1 (full 0):
 garbage-first heap   total 262144K, used 9216K [0x0000000080000000, 0x0000000100000000)
  region size 1024K, 3 young (3072K), 3 survivors (3072K)
 Metaspace       used 9746K, capacity 9952K, committed 10112K, reserved 1058816K
  class space    used 1002K, capacity 1069K, committed 1152K, reserved 1048576K
}
Event: 3.458 GC heap before
{Heap before GC invocations=1 (full 0):
 garbage-first heap   total 262144K, used 111616K [0x0000000080000000, 0x0000000100000000)
  region size 1024K, 104 young (106496K), 3 survivors (3072K)
 Metaspace       used 20706K, capacity 21116K, committed 21248K, reserved 1067008K
  class space    used 2518K, capacity 2695K, committed 2816K, reserved 1048576K
}
Event: 3.475 GC heap after
{Heap after GC invocations=2 (full 0):
 garbage-first heap   total 262144K, used 16864K [0x0000000080000000, 0x0000000100000000)
  region size 1024K, 11 young (11264K), 11 survivors (11264K)
 Metaspace       used 20706K, capacity 21116K, committed 21248K, reserved 1067008K
  class space    used 2518K, capacity 2695K, committed 2816K, reserved 1048576K
}
Event: 4.048 GC heap before
{Heap before GC invocations=3 (full 0):
 garbage-first heap   total 262144K, used 56800K [0x0000000080000000, 0x0000000100000000)
  region size 1024K, 50 young (51200K), 11 survivors (11264K)
 Metaspace       used 24595K, capacity 25190K, committed 25472K, reserved 1071104K
  class space    used 3134K, capacity 3334K, committed 3456K, reserved 1048576K
}
Event: 4.056 GC heap after
{Heap after GC invocations=4 (full 0):
 garbage-first heap   total 262144K, used 18586K [0x0000000080000000, 0x0000000100000000)
  region size 1024K, 2 young (2048K), 2 survivors (2048K)
 Metaspace       used 24595K, capacity 25190K, committed 25472K, reserved 1071104K
  class space    used 3134K, capacity 3334K, committed 3456K, reserved 1048576K
}
Event: 5.523 GC heap before
{Heap before GC invocations=4 (full 0):
 garbage-first heap   total 262144K, used 133274K [0x0000000080000000, 0x0000000100000000)
  region size 1024K, 98 young (100352K), 2 survivors (2048K)
 Metaspace       used 34852K, capacity 35774K, committed 35840K, reserved 1081344K
  class space    used 4610K, capacity 4966K, committed 4992K, reserved 1048576K
}
Event: 5.534 GC heap after
{Heap after GC invocations=5 (full 0):
 garbage-first heap   total 262144K, used 45521K [0x0000000080000000, 0x0000000100000000)
  region size 1024K, 11 young (11264K), 11 survivors (11264K)
 Metaspace       used 34852K, capacity 35774K, committed 35840K, reserved 1081344K
  class space    used 4610K, capacity 4966K, committed 4992K, reserved 1048576K
}
Event: 7.128 GC heap before
{Heap before GC invocations=6 (full 0):
 garbage-first heap   total 262144K, used 171473K [0x0000000080000000, 0x0000000100000000)
  region size 1024K, 119 young (121856K), 11 survivors (11264K)
 Metaspace       used 45901K, capacity 47160K, committed 47232K, reserved 1089536K
  class space    used 5751K, capacity 6233K, committed 6272K, reserved 1048576K
}
Event: 7.154 GC heap after
{Heap after GC invocations=7 (full 0):
 garbage-first heap   total 262144K, used 68005K [0x0000000080000000, 0x0000000100000000)
  region size 1024K, 11 young (11264K), 11 survivors (11264K)
 Metaspace       used 45901K, capacity 47160K, committed 47232K, reserved 1089536K
  class space    used 5751K, capacity 6233K, committed 6272K, reserved 1048576K
}
Event: 8.681 GC heap before
{Heap before GC invocations=8 (full 0):
 garbage-first heap   total 262144K, used 198053K [0x0000000080000000, 0x0000000100000000)
  region size 1024K, 131 young (134144K), 11 survivors (11264K)
 Metaspace       used 51588K, capacity 53181K, committed 53248K, reserved 1095680K
  class space    used 6594K, capacity 7146K, committed 7168K, reserved 1048576K
}
Event: 8.694 GC heap after
{Heap after GC invocations=9 (full 0):
 garbage-first heap   total 262144K, used 85032K [0x0000000080000000, 0x0000000100000000)
  region size 1024K, 10 young (10240K), 10 survivors (10240K)
 Metaspace       used 51588K, capacity 53181K, committed 53248K, reserved 1095680K
  class space    used 6594K, capacity 7146K, committed 7168K, reserved 1048576K
}
Event: 10.331 GC heap before
{Heap before GC invocations=9 (full 0):
 garbage-first heap   total 262144K, used 197672K [0x0000000080000000, 0x0000000100000000)
  region size 1024K, 118 young (120832K), 10 survivors (10240K)
 Metaspace       used 61832K, capacity 63604K, committed 63744K, reserved 1103872K
  class space    used 7971K, capacity 8590K, committed 8704K, reserved 1048576K
}
Event: 10.344 GC heap after
{Heap after GC invocations=10 (full 0):
 garbage-first heap   total 262144K, used 93491K [0x0000000080000000, 0x0000000100000000)
  region size 1024K, 8 young (8192K), 8 survivors (8192K)
 Metaspace       used 61832K, capacity 63604K, committed 63744K, reserved 1103872K
  class space    used 7971K, capacity 8590K, committed 8704K, reserved 1048576K
}
Event: 11.904 GC heap before
{Heap before GC invocations=10 (full 0):
 garbage-first heap   total 262144K, used 208179K [0x0000000080000000, 0x0000000100000000)
  region size 1024K, 113 young (115712K), 8 survivors (8192K)
 Metaspace       used 72420K, capacity 74460K, committed 74496K, reserved 1114112K
  class space    used 9262K, capacity 9977K, committed 9984K, reserved 1048576K
}
Event: 11.915 GC heap after
{Heap after GC invocations=11 (full 0):
 garbage-first heap   total 262144K, used 101408K [0x0000000080000000, 0x0000000100000000)
  region size 1024K, 15 young (15360K), 15 survivors (15360K)
 Metaspace       used 72420K, capacity 74460K, committed 74496K, reserved 1114112K
  class space    used 9262K, capacity 9977K, committed 9984K, reserved 1048576K
}

