# JRE version: OpenJDK Runtime Environment (11.0.13) (build 11.0.13+0-b1751.21-8125866)
# Java VM: OpenJDK 64-Bit Server VM (11.0.13+0-b1751.21-8125866, mixed mode, tiered, compressed oops, g1 gc, windows-amd64)
Heap:
 garbage-first heap   total 268288K, used 203591K [0x0000000080000000, 0x0000000100000000)
  region size 1024K, 10 young (10240K), 4 survivors (4096K)
 Metaspace       used 109709K, capacity 112875K, committed 113112K, reserved 1146880K
  class space    used 13716K, capacity 14835K, committed 14848K, reserved 1048576K
GC Heap History (20 events):
Event: 34.983 GC heap before
{Heap before GC invocations=24 (full 0):
 garbage-first heap   total 262144K, used 220140K [0x0000000080000000, 0x0000000100000000)
  region size 1024K, 65 young (66560K), 5 survivors (5120K)
 Metaspace       used 99179K, capacity 101972K, committed 102232K, reserved 1138688K
  class space    used 12606K, capacity 13635K, committed 13696K, reserved 1048576K
}
Event: 34.994 GC heap after
{Heap after GC invocations=25 (full 0):
 garbage-first heap   total 262144K, used 164197K [0x0000000080000000, 0x0000000100000000)
  region size 1024K, 4 young (4096K), 4 survivors (4096K)
 Metaspace       used 99179K, capacity 101972K, committed 102232K, reserved 1138688K
  class space    used 12606K, capacity 13635K, committed 13696K, reserved 1048576K
}
Event: 59.116 GC heap before
{Heap before GC invocations=26 (full 0):
 garbage-first heap   total 262144K, used 260453K [0x0000000080000000, 0x0000000100000000)
  region size 1024K, 60 young (61440K), 4 survivors (4096K)
 Metaspace       used 102889K, capacity 105782K, committed 105816K, reserved 1140736K
  class space    used 13127K, capacity 14186K, committed 14208K, reserved 1048576K
}
Event: 59.123 GC heap after
{Heap after GC invocations=27 (full 0):
 garbage-first heap   total 268288K, used 165726K [0x0000000080000000, 0x0000000100000000)
  region size 1024K, 6 young (6144K), 6 survivors (6144K)
 Metaspace       used 102889K, capacity 105782K, committed 105816K, reserved 1140736K
  class space    used 13127K, capacity 14186K, committed 14208K, reserved 1048576K
}
Event: 59.203 GC heap before
{Heap before GC invocations=27 (full 0):
 garbage-first heap   total 268288K, used 171870K [0x0000000080000000, 0x0000000100000000)
  region size 1024K, 13 young (13312K), 6 survivors (6144K)
 Metaspace       used 102910K, capacity 105782K, committed 105816K, reserved 1140736K
  class space    used 13127K, capacity 14186K, committed 14208K, reserved 1048576K
}
Event: 59.209 GC heap after
{Heap after GC invocations=28 (full 0):
 garbage-first heap   total 268288K, used 165588K [0x0000000080000000, 0x0000000100000000)
  region size 1024K, 2 young (2048K), 2 survivors (2048K)
 Metaspace       used 102910K, capacity 105782K, committed 105816K, reserved 1140736K
  class space    used 13127K, capacity 14186K, committed 14208K, reserved 1048576K
}
Event: 65.425 GC heap before
{Heap before GC invocations=28 (full 0):
 garbage-first heap   total 268288K, used 227028K [0x0000000080000000, 0x0000000100000000)
  region size 1024K, 62 young (63488K), 2 survivors (2048K)
 Metaspace       used 104795K, capacity 107852K, committed 108120K, reserved 1142784K
  class space    used 13290K, capacity 14358K, committed 14464K, reserved 1048576K
}
Event: 65.443 GC heap after
{Heap after GC invocations=29 (full 0):
 garbage-first heap   total 268288K, used 172132K [0x0000000080000000, 0x0000000100000000)
  region size 1024K, 8 young (8192K), 8 survivors (8192K)
 Metaspace       used 104795K, capacity 107852K, committed 108120K, reserved 1142784K
  class space    used 13290K, capacity 14358K, committed 14464K, reserved 1048576K
}
Event: 66.750 GC heap before
{Heap before GC invocations=30 (full 0):
 garbage-first heap   total 268288K, used 225380K [0x0000000080000000, 0x0000000100000000)
  region size 1024K, 61 young (62464K), 8 survivors (8192K)
 Metaspace       used 106236K, capacity 109340K, committed 109528K, reserved 1144832K
  class space    used 13435K, capacity 14511K, committed 14592K, reserved 1048576K
}
Event: 66.765 GC heap after
{Heap after GC invocations=31 (full 0):
 garbage-first heap   total 268288K, used 179894K [0x0000000080000000, 0x0000000100000000)
  region size 1024K, 8 young (8192K), 8 survivors (8192K)
 Metaspace       used 106236K, capacity 109340K, committed 109528K, reserved 1144832K
  class space    used 13435K, capacity 14511K, committed 14592K, reserved 1048576K
}
Event: 66.815 GC heap before
{Heap before GC invocations=31 (full 0):
 garbage-first heap   total 268288K, used 187062K [0x0000000080000000, 0x0000000100000000)
  region size 1024K, 13 young (13312K), 8 survivors (8192K)
 Metaspace       used 106239K, capacity 109340K, committed 109528K, reserved 1144832K
  class space    used 13435K, capacity 14511K, committed 14592K, reserved 1048576K
}
Event: 66.827 GC heap after
{Heap after GC invocations=32 (full 0):
 garbage-first heap   total 268288K, used 177288K [0x0000000080000000, 0x0000000100000000)
  region size 1024K, 2 young (2048K), 2 survivors (2048K)
 Metaspace       used 106239K, capacity 109340K, committed 109528K, reserved 1144832K
  class space    used 13435K, capacity 14511K, committed 14592K, reserved 1048576K
}
Event: 67.383 GC heap before
{Heap before GC invocations=32 (full 0):
 garbage-first heap   total 268288K, used 217224K [0x0000000080000000, 0x0000000100000000)
  region size 1024K, 42 young (43008K), 2 survivors (2048K)
 Metaspace       used 107023K, capacity 110113K, committed 110424K, reserved 1144832K
  class space    used 13503K, capacity 14596K, committed 14720K, reserved 1048576K
}
Event: 67.395 GC heap after
{Heap after GC invocations=33 (full 0):
 garbage-first heap   total 268288K, used 188894K [0x0000000080000000, 0x0000000100000000)
  region size 1024K, 6 young (6144K), 6 survivors (6144K)
 Metaspace       used 107023K, capacity 110113K, committed 110424K, reserved 1144832K
  class space    used 13503K, capacity 14596K, committed 14720K, reserved 1048576K
}
Event: 68.193 GC heap before
{Heap before GC invocations=34 (full 0):
 garbage-first heap   total 268288K, used 230878K [0x0000000080000000, 0x0000000100000000)
  region size 1024K, 39 young (39936K), 6 survivors (6144K)
 Metaspace       used 107172K, capacity 110341K, committed 110680K, reserved 1144832K
  class space    used 13514K, capacity 14629K, committed 14720K, reserved 1048576K
}
Event: 68.212 GC heap after
{Heap after GC invocations=35 (full 0):
 garbage-first heap   total 268288K, used 196785K [0x0000000080000000, 0x0000000100000000)
  region size 1024K, 5 young (5120K), 5 survivors (5120K)
 Metaspace       used 107172K, capacity 110341K, committed 110680K, reserved 1144832K
  class space    used 13514K, capacity 14629K, committed 14720K, reserved 1048576K
}
Event: 68.321 GC heap before
{Heap before GC invocations=35 (full 0):
 garbage-first heap   total 268288K, used 219313K [0x0000000080000000, 0x0000000100000000)
  region size 1024K, 13 young (13312K), 5 survivors (5120K)
 Metaspace       used 107419K, capacity 110596K, committed 110680K, reserved 1144832K
  class space    used 13534K, capacity 14640K, committed 14720K, reserved 1048576K
}
Event: 68.337 GC heap after
{Heap after GC invocations=36 (full 0):
 garbage-first heap   total 268288K, used 194231K [0x0000000080000000, 0x0000000100000000)
  region size 1024K, 2 young (2048K), 2 survivors (2048K)
 Metaspace       used 107419K, capacity 110596K, committed 110680K, reserved 1144832K
  class space    used 13534K, capacity 14640K, committed 14720K, reserved 1048576K
}
Event: 68.571 GC heap before
{Heap before GC invocations=36 (full 0):
 garbage-first heap   total 268288K, used 221879K [0x0000000080000000, 0x0000000100000000)
  region size 1024K, 30 young (30720K), 2 survivors (2048K)
 Metaspace       used 108447K, capacity 111595K, committed 111704K, reserved 1146880K
  class space    used 13612K, capacity 14707K, committed 14720K, reserved 1048576K
}
Event: 68.583 GC heap after
{Heap after GC invocations=37 (full 0):
 garbage-first heap   total 268288K, used 199495K [0x0000000080000000, 0x0000000100000000)
  region size 1024K, 4 young (4096K), 4 survivors (4096K)
 Metaspace       used 108447K, capacity 111595K, committed 111704K, reserved 1146880K
  class space    used 13612K, capacity 14707K, committed 14720K, reserved 1048576K
}

