# JRE version: OpenJDK Runtime Environment (11.0.13) (build 11.0.13+0-b1751.21-8125866)
# Java VM: OpenJDK 64-Bit Server VM (11.0.13+0-b1751.21-8125866, mixed mode, tiered, compressed oops, g1 gc, windows-amd64)
Heap:
 garbage-first heap   total 262144K, used 208838K [0x0000000080000000, 0x0000000100000000)
  region size 1024K, 80 young (81920K), 10 survivors (10240K)
 Metaspace       used 92986K, capacity 95302K, committed 95436K, reserved 1132544K
  class space    used 11993K, capacity 12874K, committed 13004K, reserved 1048576K
GC Heap History (20 events):
Event: 5.141 GC heap after
{Heap after GC invocations=6 (full 0):
 garbage-first heap   total 262144K, used 40452K [0x0000000080000000, 0x0000000100000000)
  region size 1024K, 9 young (9216K), 9 survivors (9216K)
 Metaspace       used 34870K, capacity 35757K, committed 35840K, reserved 1081344K
  class space    used 4603K, capacity 4960K, committed 4992K, reserved 1048576K
}
Event: 6.574 GC heap before
{Heap before GC invocations=7 (full 0):
 garbage-first heap   total 262144K, used 164356K [0x0000000080000000, 0x0000000100000000)
  region size 1024K, 115 young (117760K), 9 survivors (9216K)
 Metaspace       used 45682K, capacity 46855K, committed 47104K, reserved 1089536K
  class space    used 5709K, capacity 6131K, committed 6144K, reserved 1048576K
}
Event: 6.591 GC heap after
{Heap after GC invocations=8 (full 0):
 garbage-first heap   total 262144K, used 61911K [0x0000000080000000, 0x0000000100000000)
  region size 1024K, 15 young (15360K), 15 survivors (15360K)
 Metaspace       used 45682K, capacity 46855K, committed 47104K, reserved 1089536K
  class space    used 5709K, capacity 6131K, committed 6144K, reserved 1048576K
}
Event: 7.727 GC heap before
{Heap before GC invocations=9 (full 0):
 garbage-first heap   total 262144K, used 173527K [0x0000000080000000, 0x0000000100000000)
  region size 1024K, 119 young (121856K), 15 survivors (15360K)
 Metaspace       used 51001K, capacity 52563K, committed 52736K, reserved 1095680K
  class space    used 6524K, capacity 7092K, committed 7168K, reserved 1048576K
}
Event: 7.740 GC heap after
{Heap after GC invocations=10 (full 0):
 garbage-first heap   total 262144K, used 74540K [0x0000000080000000, 0x0000000100000000)
  region size 1024K, 7 young (7168K), 7 survivors (7168K)
 Metaspace       used 51001K, capacity 52563K, committed 52736K, reserved 1095680K
  class space    used 6524K, capacity 7092K, committed 7168K, reserved 1048576K
}
Event: 9.064 GC heap before
{Heap before GC invocations=10 (full 0):
 garbage-first heap   total 262144K, used 184108K [0x0000000080000000, 0x0000000100000000)
  region size 1024K, 110 young (112640K), 7 survivors (7168K)
 Metaspace       used 61613K, capacity 63377K, committed 63616K, reserved 1103872K
  class space    used 7864K, capacity 8514K, committed 8576K, reserved 1048576K
}
Event: 9.072 GC heap after
{Heap after GC invocations=11 (full 0):
 garbage-first heap   total 262144K, used 87598K [0x0000000080000000, 0x0000000100000000)
  region size 1024K, 14 young (14336K), 14 survivors (14336K)
 Metaspace       used 61613K, capacity 63377K, committed 63616K, reserved 1103872K
  class space    used 7864K, capacity 8514K, committed 8576K, reserved 1048576K
}
Event: 10.130 GC heap before
{Heap before GC invocations=11 (full 0):
 garbage-first heap   total 262144K, used 196142K [0x0000000080000000, 0x0000000100000000)
  region size 1024K, 113 young (115712K), 14 survivors (14336K)
 Metaspace       used 67685K, capacity 69588K, committed 69760K, reserved 1110016K
  class space    used 8619K, capacity 9312K, committed 9344K, reserved 1048576K
}
Event: 10.143 GC heap after
{Heap after GC invocations=12 (full 0):
 garbage-first heap   total 262144K, used 95974K [0x0000000080000000, 0x0000000100000000)
  region size 1024K, 9 young (9216K), 9 survivors (9216K)
 Metaspace       used 67685K, capacity 69588K, committed 69760K, reserved 1110016K
  class space    used 8619K, capacity 9312K, committed 9344K, reserved 1048576K
}
Event: 11.351 GC heap before
{Heap before GC invocations=12 (full 0):
 garbage-first heap   total 262144K, used 215782K [0x0000000080000000, 0x0000000100000000)
  region size 1024K, 105 young (107520K), 9 survivors (9216K)
 Metaspace       used 75390K, capacity 77309K, committed 77440K, reserved 1116160K
  class space    used 9815K, capacity 10528K, committed 10624K, reserved 1048576K
}
Event: 11.361 GC heap after
{Heap after GC invocations=13 (full 0):
 garbage-first heap   total 262144K, used 129322K [0x0000000080000000, 0x0000000100000000)
  region size 1024K, 11 young (11264K), 11 survivors (11264K)
 Metaspace       used 75390K, capacity 77309K, committed 77440K, reserved 1116160K
  class space    used 9815K, capacity 10528K, committed 10624K, reserved 1048576K
}
Event: 11.635 GC heap before
{Heap before GC invocations=13 (full 0):
 garbage-first heap   total 262144K, used 151850K [0x0000000080000000, 0x0000000100000000)
  region size 1024K, 34 young (34816K), 11 survivors (11264K)
 Metaspace       used 76641K, capacity 78691K, committed 78720K, reserved 1118208K
  class space    used 9979K, capacity 10723K, committed 10752K, reserved 1048576K
}
Event: 11.643 GC heap after
{Heap after GC invocations=14 (full 0):
 garbage-first heap   total 262144K, used 131167K [0x0000000080000000, 0x0000000100000000)
  region size 1024K, 3 young (3072K), 3 survivors (3072K)
 Metaspace       used 76641K, capacity 78691K, committed 78720K, reserved 1118208K
  class space    used 9979K, capacity 10723K, committed 10752K, reserved 1048576K
}
Event: 12.095 GC heap before
{Heap before GC invocations=15 (full 0):
 garbage-first heap   total 262144K, used 205919K [0x0000000080000000, 0x0000000100000000)
  region size 1024K, 76 young (77824K), 3 survivors (3072K)
 Metaspace       used 79055K, capacity 81195K, committed 81228K, reserved 1120256K
  class space    used 10280K, capacity 11061K, committed 11084K, reserved 1048576K
}
Event: 12.101 GC heap after
{Heap after GC invocations=16 (full 0):
 garbage-first heap   total 262144K, used 132964K [0x0000000080000000, 0x0000000100000000)
  region size 1024K, 4 young (4096K), 4 survivors (4096K)
 Metaspace       used 79055K, capacity 81195K, committed 81228K, reserved 1120256K
  class space    used 10280K, capacity 11061K, committed 11084K, reserved 1048576K
}
Event: 12.469 GC heap before
{Heap before GC invocations=17 (full 0):
 garbage-first heap   total 262144K, used 182116K [0x0000000080000000, 0x0000000100000000)
  region size 1024K, 53 young (54272K), 4 survivors (4096K)
 Metaspace       used 81126K, capacity 83314K, committed 83532K, reserved 1122304K
  class space    used 10538K, capacity 11319K, committed 11340K, reserved 1048576K
}
Event: 12.476 GC heap after
{Heap after GC invocations=18 (full 0):
 garbage-first heap   total 262144K, used 133825K [0x0000000080000000, 0x0000000100000000)
  region size 1024K, 5 young (5120K), 5 survivors (5120K)
 Metaspace       used 81126K, capacity 83314K, committed 83532K, reserved 1122304K
  class space    used 10538K, capacity 11319K, committed 11340K, reserved 1048576K
}
Event: 13.602 GC heap before
{Heap before GC invocations=19 (full 0):
 garbage-first heap   total 262144K, used 206529K [0x0000000080000000, 0x0000000100000000)
  region size 1024K, 75 young (76800K), 5 survivors (5120K)
 Metaspace       used 90125K, capacity 92361K, committed 92492K, reserved 1128448K
  class space    used 11713K, capacity 12548K, committed 12620K, reserved 1048576K
}
Event: 13.613 GC heap after
{Heap after GC invocations=20 (full 0):
 garbage-first heap   total 262144K, used 137158K [0x0000000080000000, 0x0000000100000000)
  region size 1024K, 8 young (8192K), 8 survivors (8192K)
 Metaspace       used 90125K, capacity 92361K, committed 92492K, reserved 1128448K
  class space    used 11713K, capacity 12548K, committed 12620K, reserved 1048576K
}
Event: 14.374 GC heap before
{Heap before GC invocations=20 (full 0):
 garbage-first heap   total 262144K, used 207814K [0x0000000080000000, 0x0000000100000000)
  region size 1024K, 78 young (79872K), 8 survivors (8192K)
 Metaspace       used 92986K, capacity 95302K, committed 95436K, reserved 1132544K
  class space    used 11993K, capacity 12874K, committed 13004K, reserved 1048576K
}

