# JRE version: OpenJDK Runtime Environment (11.0.13) (build 11.0.13+0-b1751.21-8125866)
# Java VM: OpenJDK 64-Bit Server VM (11.0.13+0-b1751.21-8125866, mixed mode, tiered, compressed oops, g1 gc, windows-amd64)
Heap:
 garbage-first heap   total 262144K, used 220856K [0x0000000080000000, 0x0000000100000000)
  region size 1024K, 48 young (49152K), 7 survivors (7168K)
 Metaspace       used 115352K, capacity 118600K, committed 118784K, reserved 1153024K
  class space    used 14126K, capacity 15264K, committed 15360K, reserved 1048576K
GC Heap History (20 events):
Event: 357.381 GC heap after
{Heap after GC invocations=51 (full 0):
 garbage-first heap   total 262144K, used 159929K [0x0000000080000000, 0x0000000100000000)
  region size 1024K, 3 young (3072K), 3 survivors (3072K)
 Metaspace       used 107135K, capacity 109897K, committed 110080K, reserved 1144832K
  class space    used 13203K, capacity 14220K, committed 14336K, reserved 1048576K
}
Event: 365.510 GC heap before
{Heap before GC invocations=52 (full 0):
 garbage-first heap   total 262144K, used 226489K [0x0000000080000000, 0x0000000100000000)
  region size 1024K, 68 young (69632K), 3 survivors (3072K)
 Metaspace       used 109170K, capacity 112184K, committed 112384K, reserved 1146880K
  class space    used 13473K, capacity 14511K, committed 14592K, reserved 1048576K
}
Event: 365.515 GC heap after
{Heap after GC invocations=53 (full 0):
 garbage-first heap   total 262144K, used 161916K [0x0000000080000000, 0x0000000100000000)
  region size 1024K, 5 young (5120K), 5 survivors (5120K)
 Metaspace       used 109170K, capacity 112184K, committed 112384K, reserved 1146880K
  class space    used 13473K, capacity 14511K, committed 14592K, reserved 1048576K
}
Event: 508.371 GC heap before
{Heap before GC invocations=53 (full 0):
 garbage-first heap   total 262144K, used 225404K [0x0000000080000000, 0x0000000100000000)
  region size 1024K, 68 young (69632K), 5 survivors (5120K)
 Metaspace       used 111463K, capacity 114566K, committed 114816K, reserved 1148928K
  class space    used 13756K, capacity 14863K, committed 14976K, reserved 1048576K
}
Event: 508.389 GC heap after
{Heap after GC invocations=54 (full 0):
 garbage-first heap   total 262144K, used 167725K [0x0000000080000000, 0x0000000100000000)
  region size 1024K, 9 young (9216K), 9 survivors (9216K)
 Metaspace       used 111463K, capacity 114566K, committed 114816K, reserved 1148928K
  class space    used 13756K, capacity 14863K, committed 14976K, reserved 1048576K
}
Event: 517.937 GC heap before
{Heap before GC invocations=55 (full 0):
 garbage-first heap   total 262144K, used 224045K [0x0000000080000000, 0x0000000100000000)
  region size 1024K, 65 young (66560K), 9 survivors (9216K)
 Metaspace       used 112639K, capacity 115800K, committed 115968K, reserved 1150976K
  class space    used 13855K, capacity 15009K, committed 15104K, reserved 1048576K
}
Event: 517.952 GC heap after
{Heap after GC invocations=56 (full 0):
 garbage-first heap   total 262144K, used 170634K [0x0000000080000000, 0x0000000100000000)
  region size 1024K, 3 young (3072K), 3 survivors (3072K)
 Metaspace       used 112639K, capacity 115800K, committed 115968K, reserved 1150976K
  class space    used 13855K, capacity 15009K, committed 15104K, reserved 1048576K
}
Event: 518.361 GC heap before
{Heap before GC invocations=56 (full 0):
 garbage-first heap   total 262144K, used 178826K [0x0000000080000000, 0x0000000100000000)
  region size 1024K, 12 young (12288K), 3 survivors (3072K)
 Metaspace       used 112652K, capacity 115866K, committed 115968K, reserved 1150976K
  class space    used 13855K, capacity 15009K, committed 15104K, reserved 1048576K
}
Event: 518.367 GC heap after
{Heap after GC invocations=57 (full 0):
 garbage-first heap   total 262144K, used 167271K [0x0000000080000000, 0x0000000100000000)
  region size 1024K, 1 young (1024K), 1 survivors (1024K)
 Metaspace       used 112652K, capacity 115866K, committed 115968K, reserved 1150976K
  class space    used 13855K, capacity 15009K, committed 15104K, reserved 1048576K
}
Event: 524.998 GC heap before
{Heap before GC invocations=57 (full 0):
 garbage-first heap   total 262144K, used 223591K [0x0000000080000000, 0x0000000100000000)
  region size 1024K, 57 young (58368K), 1 survivors (1024K)
 Metaspace       used 112710K, capacity 115891K, committed 116224K, reserved 1150976K
  class space    used 13861K, capacity 15017K, committed 15104K, reserved 1048576K
}
Event: 525.000 GC heap after
{Heap after GC invocations=58 (full 0):
 garbage-first heap   total 262144K, used 167356K [0x0000000080000000, 0x0000000100000000)
  region size 1024K, 1 young (1024K), 1 survivors (1024K)
 Metaspace       used 112710K, capacity 115891K, committed 116224K, reserved 1150976K
  class space    used 13861K, capacity 15017K, committed 15104K, reserved 1048576K
}
Event: 525.233 GC heap before
{Heap before GC invocations=58 (full 0):
 garbage-first heap   total 262144K, used 225724K [0x0000000080000000, 0x0000000100000000)
  region size 1024K, 58 young (59392K), 1 survivors (1024K)
 Metaspace       used 112726K, capacity 115901K, committed 116224K, reserved 1150976K
  class space    used 13863K, capacity 15020K, committed 15104K, reserved 1048576K
}
Event: 525.234 GC heap after
{Heap after GC invocations=59 (full 0):
 garbage-first heap   total 262144K, used 167489K [0x0000000080000000, 0x0000000100000000)
  region size 1024K, 1 young (1024K), 1 survivors (1024K)
 Metaspace       used 112726K, capacity 115901K, committed 116224K, reserved 1150976K
  class space    used 13863K, capacity 15020K, committed 15104K, reserved 1048576K
}
Event: 525.569 GC heap before
{Heap before GC invocations=59 (full 0):
 garbage-first heap   total 262144K, used 225857K [0x0000000080000000, 0x0000000100000000)
  region size 1024K, 58 young (59392K), 1 survivors (1024K)
 Metaspace       used 112729K, capacity 115902K, committed 116224K, reserved 1150976K
  class space    used 13863K, capacity 15020K, committed 15104K, reserved 1048576K
}
Event: 525.570 GC heap after
{Heap after GC invocations=60 (full 0):
 garbage-first heap   total 262144K, used 166989K [0x0000000080000000, 0x0000000100000000)
  region size 1024K, 1 young (1024K), 1 survivors (1024K)
 Metaspace       used 112729K, capacity 115902K, committed 116224K, reserved 1150976K
  class space    used 13863K, capacity 15020K, committed 15104K, reserved 1048576K
}
Event: 526.398 GC heap before
{Heap before GC invocations=60 (full 0):
 garbage-first heap   total 262144K, used 225357K [0x0000000080000000, 0x0000000100000000)
  region size 1024K, 59 young (60416K), 1 survivors (1024K)
 Metaspace       used 114170K, capacity 117439K, committed 117632K, reserved 1150976K
  class space    used 14023K, capacity 15160K, committed 15232K, reserved 1048576K
}
Event: 526.404 GC heap after
{Heap after GC invocations=61 (full 0):
 garbage-first heap   total 262144K, used 169470K [0x0000000080000000, 0x0000000100000000)
  region size 1024K, 3 young (3072K), 3 survivors (3072K)
 Metaspace       used 114170K, capacity 117439K, committed 117632K, reserved 1150976K
  class space    used 14023K, capacity 15160K, committed 15232K, reserved 1048576K
}
Event: 526.746 GC heap before
{Heap before GC invocations=61 (full 0):
 garbage-first heap   total 262144K, used 195070K [0x0000000080000000, 0x0000000100000000)
  region size 1024K, 28 young (28672K), 3 survivors (3072K)
 Metaspace       used 114296K, capacity 117503K, committed 117632K, reserved 1150976K
  class space    used 14023K, capacity 15160K, committed 15232K, reserved 1048576K
}
Event: 526.769 GC heap after
{Heap after GC invocations=62 (full 0):
 garbage-first heap   total 262144K, used 177848K [0x0000000080000000, 0x0000000100000000)
  region size 1024K, 8 young (8192K), 8 survivors (8192K)
 Metaspace       used 114296K, capacity 117503K, committed 117632K, reserved 1150976K
  class space    used 14023K, capacity 15160K, committed 15232K, reserved 1048576K
}
Event: 527.402 GC heap before
{Heap before GC invocations=63 (full 0):
 garbage-first heap   total 262144K, used 220856K [0x0000000080000000, 0x0000000100000000)
  region size 1024K, 49 young (50176K), 8 survivors (8192K)
 Metaspace       used 115352K, capacity 118600K, committed 118784K, reserved 1153024K
  class space    used 14126K, capacity 15264K, committed 15360K, reserved 1048576K
}

